<?xml version="1.0" encoding="UTF-8"?>
<!-- Generated by org.testng.reporters.JUnitXMLReporter -->
<testsuite hostname="daisy01-huang" name="PersistTest" tests="4" failures="0" timestamp="5 May 2017 01:30:24 GMT" time="0.302" errors="0">
  <testcase name="testCreateAccount" time="0.006" classname="com.juvenxu.mvnbook.account.persist.AccountPersistServiceTest"/>
  <testcase name="testDeleteAccount" time="0.002" classname="com.juvenxu.mvnbook.account.persist.AccountPersistServiceTest"/>
  <testcase name="testReadAccount" time="0.001" classname="com.juvenxu.mvnbook.account.persist.AccountPersistServiceTest"/>
  <testcase name="testUpdateAccount" time="0.004" classname="com.juvenxu.mvnbook.account.persist.AccountPersistServiceTest"/>
</testsuite> <!-- PersistTest -->
