<?xml version="1.0" encoding="UTF-8"?>
<!-- Generated by org.testng.reporters.JUnitXMLReporter -->
<testsuite hostname="daisy01-huang" name="PersistTest" tests="4" failures="0" timestamp="4 May 2017 10:02:19 GMT" time="0.309" errors="0">
  <testcase name="testCreateAccount" time="0.005" classname="com.juvenxu.mvnbook.account.persist.AccountPersistServiceTest"/>
  <testcase name="testDeleteAccount" time="0.003" classname="com.juvenxu.mvnbook.account.persist.AccountPersistServiceTest"/>
  <testcase name="testReadAccount" time="0.001" classname="com.juvenxu.mvnbook.account.persist.AccountPersistServiceTest"/>
  <testcase name="testUpdateAccount" time="0.005" classname="com.juvenxu.mvnbook.account.persist.AccountPersistServiceTest"/>
</testsuite> <!-- PersistTest -->
