<?xml version="1.0" encoding="UTF-8"?>
<testng-results skipped="0" failed="0" total="4" passed="4">
  <reporter-output>
  </reporter-output>
  <suite name="Suite3" duration-ms="302" started-at="2017-05-05T01:30:24Z" finished-at="2017-05-05T01:30:24Z">
    <groups>
    </groups>
    <test name="PersistTest" duration-ms="302" started-at="2017-05-05T01:30:24Z" finished-at="2017-05-05T01:30:24Z">
      <class name="com.juvenxu.mvnbook.account.persist.AccountPersistServiceTest">
        <test-method status="PASS" signature="prepare()[pri:0, instance:com.juvenxu.mvnbook.account.persist.AccountPersistServiceTest@35851384]" name="prepare" is-config="true" duration-ms="220" started-at="2017-05-05T09:30:24Z" finished-at="2017-05-05T09:30:24Z">
          <reporter-output>
          </reporter-output>
        </test-method> <!-- prepare -->
        <test-method status="PASS" signature="testCreateAccount()[pri:0, instance:com.juvenxu.mvnbook.account.persist.AccountPersistServiceTest@35851384]" name="testCreateAccount" duration-ms="6" started-at="2017-05-05T09:30:24Z" finished-at="2017-05-05T09:30:24Z">
          <reporter-output>
          </reporter-output>
        </test-method> <!-- testCreateAccount -->
        <test-method status="PASS" signature="prepare()[pri:0, instance:com.juvenxu.mvnbook.account.persist.AccountPersistServiceTest@35851384]" name="prepare" is-config="true" duration-ms="24" started-at="2017-05-05T09:30:24Z" finished-at="2017-05-05T09:30:24Z">
          <reporter-output>
          </reporter-output>
        </test-method> <!-- prepare -->
        <test-method status="PASS" signature="testDeleteAccount()[pri:0, instance:com.juvenxu.mvnbook.account.persist.AccountPersistServiceTest@35851384]" name="testDeleteAccount" duration-ms="2" started-at="2017-05-05T09:30:24Z" finished-at="2017-05-05T09:30:24Z">
          <reporter-output>
          </reporter-output>
        </test-method> <!-- testDeleteAccount -->
        <test-method status="PASS" signature="prepare()[pri:0, instance:com.juvenxu.mvnbook.account.persist.AccountPersistServiceTest@35851384]" name="prepare" is-config="true" duration-ms="18" started-at="2017-05-05T09:30:24Z" finished-at="2017-05-05T09:30:24Z">
          <reporter-output>
          </reporter-output>
        </test-method> <!-- prepare -->
        <test-method status="PASS" signature="testReadAccount()[pri:0, instance:com.juvenxu.mvnbook.account.persist.AccountPersistServiceTest@35851384]" name="testReadAccount" duration-ms="1" started-at="2017-05-05T09:30:24Z" finished-at="2017-05-05T09:30:24Z">
          <reporter-output>
          </reporter-output>
        </test-method> <!-- testReadAccount -->
        <test-method status="PASS" signature="prepare()[pri:0, instance:com.juvenxu.mvnbook.account.persist.AccountPersistServiceTest@35851384]" name="prepare" is-config="true" duration-ms="16" started-at="2017-05-05T09:30:24Z" finished-at="2017-05-05T09:30:24Z">
          <reporter-output>
          </reporter-output>
        </test-method> <!-- prepare -->
        <test-method status="PASS" signature="testUpdateAccount()[pri:0, instance:com.juvenxu.mvnbook.account.persist.AccountPersistServiceTest@35851384]" name="testUpdateAccount" duration-ms="4" started-at="2017-05-05T09:30:24Z" finished-at="2017-05-05T09:30:24Z">
          <reporter-output>
          </reporter-output>
        </test-method> <!-- testUpdateAccount -->
      </class> <!-- com.juvenxu.mvnbook.account.persist.AccountPersistServiceTest -->
    </test> <!-- PersistTest -->
  </suite> <!-- Suite3 -->
</testng-results>
