<?xml version="1.0" encoding="UTF-8"?>
<testng-results skipped="0" failed="0" total="1" passed="1">
  <reporter-output>
  </reporter-output>
  <suite name="Suite2 " duration-ms="305" started-at="2017-05-04T10:02:18Z" finished-at="2017-05-04T10:02:18Z">
    <groups>
    </groups>
    <test name="EmailTest" duration-ms="305" started-at="2017-05-04T10:02:18Z" finished-at="2017-05-04T10:02:18Z">
      <class name="com.juvenxu.mvnbook.account.email.AccountEmailServiceTest">
        <test-method status="PASS" signature="startMailServer()[pri:0, instance:com.juvenxu.mvnbook.account.email.AccountEmailServiceTest@1fbc7afb]" name="startMailServer" is-config="true" duration-ms="22" started-at="2017-05-04T18:02:18Z" finished-at="2017-05-04T18:02:18Z">
          <reporter-output>
          </reporter-output>
        </test-method> <!-- startMailServer -->
        <test-method status="PASS" signature="testSendMail()[pri:0, instance:com.juvenxu.mvnbook.account.email.AccountEmailServiceTest@1fbc7afb]" name="testSendMail" duration-ms="271" started-at="2017-05-04T18:02:18Z" finished-at="2017-05-04T18:02:18Z">
          <reporter-output>
          </reporter-output>
        </test-method> <!-- testSendMail -->
        <test-method status="PASS" signature="stopMailServer()[pri:0, instance:com.juvenxu.mvnbook.account.email.AccountEmailServiceTest@1fbc7afb]" name="stopMailServer" is-config="true" duration-ms="0" started-at="2017-05-04T18:02:18Z" finished-at="2017-05-04T18:02:18Z">
          <reporter-output>
          </reporter-output>
        </test-method> <!-- stopMailServer -->
      </class> <!-- com.juvenxu.mvnbook.account.email.AccountEmailServiceTest -->
    </test> <!-- EmailTest -->
  </suite> <!-- Suite2  -->
</testng-results>
